<?xml version="1.0" encoding="UTF-8"?>
<testng-results ignored="0" total="2" passed="0" failed="2" skipped="0">
  <reporter-output>
    <line>
      <![CDATA[==== BROWSER OPENED ====]]>
    </line>
    <line>
      <![CDATA[---- Program Start ----]]>
    </line>
    <line>
      <![CDATA[---- Program End ----]]>
    </line>
    <line>
      <![CDATA[==== BROWSER OPENED ====]]>
    </line>
    <line>
      <![CDATA[---- Program Start ----]]>
    </line>
    <line>
      <![CDATA[---- Program End ----]]>
    </line>
  </reporter-output>
  <suite started-at="2021-10-04T15:34:43 IST" name="Default suite" finished-at="2021-10-04T15:35:25 IST" duration-ms="41851">
    <groups>
    </groups>
    <test started-at="2021-10-04T15:34:43 IST" name="Default test" finished-at="2021-10-04T15:35:25 IST" duration-ms="41851">
      <class name="com_urbandecay_TestCases.LoginTests">
        <test-method is-config="true" signature="precondition()[pri:0, instance:com_urbandecay_TestCases.LoginTests@48aaecc3]" started-at="2021-10-04T15:34:43 IST" name="precondition" finished-at="2021-10-04T15:35:04 IST" duration-ms="20731" status="PASS">
          <reporter-output>
            <line>
              <![CDATA[==== BROWSER OPENED ====]]>
            </line>
            <line>
              <![CDATA[---- Program Start ----]]>
            </line>
          </reporter-output>
        </test-method> <!-- precondition -->
        <test-method signature="verifyLoginValidcredentials()[pri:0, instance:com_urbandecay_TestCases.LoginTests@48aaecc3]" started-at="2021-10-04T15:35:04 IST" name="verifyLoginValidcredentials" finished-at="2021-10-04T15:35:04 IST" duration-ms="299" status="FAIL">
          <exception class="java.lang.NoSuchMethodError">
            <message>
              <![CDATA['void org.apache.poi.util.POILogger.log(int, java.lang.Object, java.lang.Throwable)']]>
            </message>
            <full-stacktrace>
              <![CDATA[java.lang.NoSuchMethodError: 'void org.apache.poi.util.POILogger.log(int, java.lang.Object, java.lang.Throwable)'
at org.apache.poi.openxml4j.opc.ZipPackage.buildPartName(ZipPackage.java:250)
at org.apache.poi.openxml4j.opc.ZipPackage.getPartsImpl(ZipPackage.java:189)
at org.apache.poi.openxml4j.opc.OPCPackage.getParts(OPCPackage.java:662)
at org.apache.poi.openxml4j.opc.OPCPackage.open(OPCPackage.java:269)
at org.apache.poi.ss.usermodel.WorkbookFactory.create(WorkbookFactory.java:73)
at com_urbandecay_Generic.ExcelData.getData(ExcelData.java:17)
at com_urbandecay_TestCases.LoginTests.verifyLoginValidcredentials(LoginTests.java:17)
at java.base/jdk.internal.reflect.NativeMethodAccessorImpl.invoke0(Native Method)
at java.base/jdk.internal.reflect.NativeMethodAccessorImpl.invoke(NativeMethodAccessorImpl.java:78)
at java.base/jdk.internal.reflect.DelegatingMethodAccessorImpl.invoke(DelegatingMethodAccessorImpl.java:43)
at java.base/java.lang.reflect.Method.invoke(Method.java:567)
at org.testng.internal.MethodInvocationHelper.invokeMethod(MethodInvocationHelper.java:132)
at org.testng.internal.TestInvoker.invokeMethod(TestInvoker.java:599)
at org.testng.internal.TestInvoker.invokeTestMethod(TestInvoker.java:174)
at org.testng.internal.MethodRunner.runInSequence(MethodRunner.java:46)
at org.testng.internal.TestInvoker$MethodInvocationAgent.invoke(TestInvoker.java:822)
at org.testng.internal.TestInvoker.invokeTestMethods(TestInvoker.java:147)
at org.testng.internal.TestMethodWorker.invokeTestMethods(TestMethodWorker.java:146)
at org.testng.internal.TestMethodWorker.run(TestMethodWorker.java:128)
at java.base/java.util.ArrayList.forEach(ArrayList.java:1511)
at org.testng.TestRunner.privateRun(TestRunner.java:764)
at org.testng.TestRunner.run(TestRunner.java:585)
at org.testng.SuiteRunner.runTest(SuiteRunner.java:384)
at org.testng.SuiteRunner.runSequentially(SuiteRunner.java:378)
at org.testng.SuiteRunner.privateRun(SuiteRunner.java:337)
at org.testng.SuiteRunner.run(SuiteRunner.java:286)
at org.testng.SuiteRunnerWorker.runSuite(SuiteRunnerWorker.java:53)
at org.testng.SuiteRunnerWorker.run(SuiteRunnerWorker.java:96)
at org.testng.TestNG.runSuitesSequentially(TestNG.java:1218)
at org.testng.TestNG.runSuitesLocally(TestNG.java:1140)
at org.testng.TestNG.runSuites(TestNG.java:1069)
at org.testng.TestNG.run(TestNG.java:1037)
at org.testng.remote.AbstractRemoteTestNG.run(AbstractRemoteTestNG.java:115)
at org.testng.remote.RemoteTestNG.initAndRun(RemoteTestNG.java:251)
at org.testng.remote.RemoteTestNG.main(RemoteTestNG.java:77)
]]>
            </full-stacktrace>
          </exception> <!-- java.lang.NoSuchMethodError -->
          <reporter-output>
          </reporter-output>
        </test-method> <!-- verifyLoginValidcredentials -->
        <test-method is-config="true" signature="postcondition(org.testng.ITestResult)[pri:0, instance:com_urbandecay_TestCases.LoginTests@48aaecc3]" started-at="2021-10-04T15:35:04 IST" name="postcondition" finished-at="2021-10-04T15:35:05 IST" duration-ms="444" status="PASS">
          <params>
            <param index="0">
              <value>
                <![CDATA[[TestResult name=verifyLoginValidcredentials status=FAILURE method=LoginTests.verifyLoginValidcredentials()[pri:0, instance:com_urbandecay_TestCases.LoginTests@48aaecc3] output={null}]]]>
              </value>
            </param>
          </params>
          <reporter-output>
            <line>
              <![CDATA[---- Program End ----]]>
            </line>
          </reporter-output>
        </test-method> <!-- postcondition -->
        <test-method is-config="true" signature="precondition()[pri:0, instance:com_urbandecay_TestCases.LoginTests@48aaecc3]" started-at="2021-10-04T15:35:05 IST" name="precondition" finished-at="2021-10-04T15:35:24 IST" duration-ms="19860" status="PASS">
          <reporter-output>
            <line>
              <![CDATA[==== BROWSER OPENED ====]]>
            </line>
            <line>
              <![CDATA[---- Program Start ----]]>
            </line>
          </reporter-output>
        </test-method> <!-- precondition -->
        <test-method signature="verifyLogin_With_InValidcredentials()[pri:0, instance:com_urbandecay_TestCases.LoginTests@48aaecc3]" started-at="2021-10-04T15:35:24 IST" name="verifyLogin_With_InValidcredentials" finished-at="2021-10-04T15:35:24 IST" duration-ms="13" status="FAIL">
          <exception class="java.lang.NoSuchMethodError">
            <message>
              <![CDATA['void org.apache.poi.util.POILogger.log(int, java.lang.Object, java.lang.Throwable)']]>
            </message>
            <full-stacktrace>
              <![CDATA[java.lang.NoSuchMethodError: 'void org.apache.poi.util.POILogger.log(int, java.lang.Object, java.lang.Throwable)'
at org.apache.poi.openxml4j.opc.ZipPackage.buildPartName(ZipPackage.java:250)
at org.apache.poi.openxml4j.opc.ZipPackage.getPartsImpl(ZipPackage.java:189)
at org.apache.poi.openxml4j.opc.OPCPackage.getParts(OPCPackage.java:662)
at org.apache.poi.openxml4j.opc.OPCPackage.open(OPCPackage.java:269)
at org.apache.poi.ss.usermodel.WorkbookFactory.create(WorkbookFactory.java:73)
at com_urbandecay_Generic.ExcelData.getData(ExcelData.java:17)
at com_urbandecay_TestCases.LoginTests.verifyLogin_With_InValidcredentials(LoginTests.java:33)
at java.base/jdk.internal.reflect.NativeMethodAccessorImpl.invoke0(Native Method)
at java.base/jdk.internal.reflect.NativeMethodAccessorImpl.invoke(NativeMethodAccessorImpl.java:78)
at java.base/jdk.internal.reflect.DelegatingMethodAccessorImpl.invoke(DelegatingMethodAccessorImpl.java:43)
at java.base/java.lang.reflect.Method.invoke(Method.java:567)
at org.testng.internal.MethodInvocationHelper.invokeMethod(MethodInvocationHelper.java:132)
at org.testng.internal.TestInvoker.invokeMethod(TestInvoker.java:599)
at org.testng.internal.TestInvoker.invokeTestMethod(TestInvoker.java:174)
at org.testng.internal.MethodRunner.runInSequence(MethodRunner.java:46)
at org.testng.internal.TestInvoker$MethodInvocationAgent.invoke(TestInvoker.java:822)
at org.testng.internal.TestInvoker.invokeTestMethods(TestInvoker.java:147)
at org.testng.internal.TestMethodWorker.invokeTestMethods(TestMethodWorker.java:146)
at org.testng.internal.TestMethodWorker.run(TestMethodWorker.java:128)
at java.base/java.util.ArrayList.forEach(ArrayList.java:1511)
at org.testng.TestRunner.privateRun(TestRunner.java:764)
at org.testng.TestRunner.run(TestRunner.java:585)
at org.testng.SuiteRunner.runTest(SuiteRunner.java:384)
at org.testng.SuiteRunner.runSequentially(SuiteRunner.java:378)
at org.testng.SuiteRunner.privateRun(SuiteRunner.java:337)
at org.testng.SuiteRunner.run(SuiteRunner.java:286)
at org.testng.SuiteRunnerWorker.runSuite(SuiteRunnerWorker.java:53)
at org.testng.SuiteRunnerWorker.run(SuiteRunnerWorker.java:96)
at org.testng.TestNG.runSuitesSequentially(TestNG.java:1218)
at org.testng.TestNG.runSuitesLocally(TestNG.java:1140)
at org.testng.TestNG.runSuites(TestNG.java:1069)
at org.testng.TestNG.run(TestNG.java:1037)
at org.testng.remote.AbstractRemoteTestNG.run(AbstractRemoteTestNG.java:115)
at org.testng.remote.RemoteTestNG.initAndRun(RemoteTestNG.java:251)
at org.testng.remote.RemoteTestNG.main(RemoteTestNG.java:77)
]]>
            </full-stacktrace>
          </exception> <!-- java.lang.NoSuchMethodError -->
          <reporter-output>
          </reporter-output>
        </test-method> <!-- verifyLogin_With_InValidcredentials -->
        <test-method is-config="true" signature="postcondition(org.testng.ITestResult)[pri:0, instance:com_urbandecay_TestCases.LoginTests@48aaecc3]" started-at="2021-10-04T15:35:24 IST" name="postcondition" finished-at="2021-10-04T15:35:25 IST" duration-ms="408" status="PASS">
          <params>
            <param index="0">
              <value>
                <![CDATA[[TestResult name=verifyLogin_With_InValidcredentials status=FAILURE method=LoginTests.verifyLogin_With_InValidcredentials()[pri:0, instance:com_urbandecay_TestCases.LoginTests@48aaecc3] output={null}]]]>
              </value>
            </param>
          </params>
          <reporter-output>
            <line>
              <![CDATA[---- Program End ----]]>
            </line>
          </reporter-output>
        </test-method> <!-- postcondition -->
      </class> <!-- com_urbandecay_TestCases.LoginTests -->
    </test> <!-- Default test -->
  </suite> <!-- Default suite -->
</testng-results>
